Traceback (most recent call last):
  File "/home/thuan/workspace/ATBS-python/debugging.py", line 15, in <module>
    assert assert_key == 'test', 'assert_key should be "test" always'
AssertionError: assert_key should be "test" always


